<?xml version="1.0" encoding="UTF-8"?>
<testsuite xmlns:xsi="http://www.w3.org/2001/XMLSchema-instance" xsi:noNamespaceSchemaLocation="https://maven.apache.org/surefire/maven-surefire-plugin/xsd/surefire-test-report-3.0.xsd" version="3.0" name="com.oracle.k8sedit.MainTest" time="3.719" tests="5" errors="0" skipped="0" failures="0">
  <properties>
    <property name="java.specification.version" value="17"/>
    <property name="sun.cpu.isalist" value="amd64"/>
    <property name="sun.jnu.encoding" value="Cp1252"/>
    <property name="java.class.path" value="D:\code\k8sedit\target\test-classes;D:\code\k8sedit\target\classes;C:\Users\svdodda\.m2\repository\io\helidon\webserver\helidon-webserver\3.1.2\helidon-webserver-3.1.2.jar;C:\Users\svdodda\.m2\repository\io\helidon\common\helidon-common-reactive\3.1.2\helidon-common-reactive-3.1.2.jar;C:\Users\svdodda\.m2\repository\io\helidon\common\helidon-common-mapper\3.1.2\helidon-common-mapper-3.1.2.jar;C:\Users\svdodda\.m2\repository\io\helidon\common\helidon-common\3.1.2\helidon-common-3.1.2.jar;C:\Users\svdodda\.m2\repository\io\helidon\common\helidon-common-configurable\3.1.2\helidon-common-configurable-3.1.2.jar;C:\Users\svdodda\.m2\repository\io\helidon\common\helidon-common-http\3.1.2\helidon-common-http-3.1.2.jar;C:\Users\svdodda\.m2\repository\io\helidon\media\helidon-media-common\3.1.2\helidon-media-common-3.1.2.jar;C:\Users\svdodda\.m2\repository\io\helidon\config\helidon-config\3.1.2\helidon-config-3.1.2.jar;C:\Users\svdodda\.m2\repository\io\helidon\common\helidon-common-media-type\3.1.2\helidon-common-media-type-3.1.2.jar;C:\Users\svdodda\.m2\repository\io\helidon\common\helidon-common-key-util\3.1.2\helidon-common-key-util-3.1.2.jar;C:\Users\svdodda\.m2\repository\io\helidon\logging\helidon-logging-common\3.1.2\helidon-logging-common-3.1.2.jar;C:\Users\svdodda\.m2\repository\io\helidon\tracing\helidon-tracing\3.1.2\helidon-tracing-3.1.2.jar;C:\Users\svdodda\.m2\repository\io\helidon\tracing\helidon-tracing-config\3.1.2\helidon-tracing-config-3.1.2.jar;C:\Users\svdodda\.m2\repository\io\netty\netty-codec-http\4.1.86.Final\netty-codec-http-4.1.86.Final.jar;C:\Users\svdodda\.m2\repository\io\netty\netty-common\4.1.86.Final\netty-common-4.1.86.Final.jar;C:\Users\svdodda\.m2\repository\io\netty\netty-transport\4.1.86.Final\netty-transport-4.1.86.Final.jar;C:\Users\svdodda\.m2\repository\io\netty\netty-codec\4.1.86.Final\netty-codec-4.1.86.Final.jar;C:\Users\svdodda\.m2\repository\io\netty\netty-handler\4.1.86.Final\netty-handler-4.1.86.Final.jar;C:\Users\svdodda\.m2\repository\io\netty\netty-resolver\4.1.86.Final\netty-resolver-4.1.86.Final.jar;C:\Users\svdodda\.m2\repository\io\netty\netty-transport-native-unix-common\4.1.86.Final\netty-transport-native-unix-common-4.1.86.Final.jar;C:\Users\svdodda\.m2\repository\io\helidon\config\helidon-config-yaml\3.1.2\helidon-config-yaml-3.1.2.jar;C:\Users\svdodda\.m2\repository\org\yaml\snakeyaml\1.32\snakeyaml-1.32.jar;C:\Users\svdodda\.m2\repository\jakarta\annotation\jakarta.annotation-api\2.0.0\jakarta.annotation-api-2.0.0.jar;C:\Users\svdodda\.m2\repository\io\helidon\metrics\helidon-metrics\3.1.2\helidon-metrics-3.1.2.jar;C:\Users\svdodda\.m2\repository\io\helidon\common\helidon-common-service-loader\3.1.2\helidon-common-service-loader-3.1.2.jar;C:\Users\svdodda\.m2\repository\io\helidon\metrics\helidon-metrics-api\3.1.2\helidon-metrics-api-3.1.2.jar;C:\Users\svdodda\.m2\repository\io\helidon\metrics\helidon-metrics-service-api\3.1.2\helidon-metrics-service-api-3.1.2.jar;C:\Users\svdodda\.m2\repository\org\eclipse\microprofile\metrics\microprofile-metrics-api\4.0\microprofile-metrics-api-4.0.jar;C:\Users\svdodda\.m2\repository\io\helidon\webserver\helidon-webserver-cors\3.1.2\helidon-webserver-cors-3.1.2.jar;C:\Users\svdodda\.m2\repository\io\helidon\media\helidon-media-jsonp\3.1.2\helidon-media-jsonp-3.1.2.jar;C:\Users\svdodda\.m2\repository\jakarta\json\jakarta.json-api\2.0.1\jakarta.json-api-2.0.1.jar;C:\Users\svdodda\.m2\repository\org\eclipse\parsson\parsson\1.0.2\parsson-1.0.2.jar;C:\Users\svdodda\.m2\repository\io\helidon\service-common\helidon-service-common-rest\3.1.2\helidon-service-common-rest-3.1.2.jar;C:\Users\svdodda\.m2\repository\io\helidon\health\helidon-health\3.1.2\helidon-health-3.1.2.jar;C:\Users\svdodda\.m2\repository\io\helidon\fault-tolerance\helidon-fault-tolerance\3.1.2\helidon-fault-tolerance-3.1.2.jar;C:\Users\svdodda\.m2\repository\org\eclipse\microprofile\health\microprofile-health-api\4.0\microprofile-health-api-4.0.jar;C:\Users\svdodda\.m2\repository\io\helidon\health\helidon-health-checks\3.1.2\helidon-health-checks-3.1.2.jar;C:\Users\svdodda\.m2\repository\io\helidon\health\helidon-health-common\3.1.2\helidon-health-common-3.1.2.jar;C:\Users\svdodda\.m2\repository\com\fasterxml\jackson\core\jackson-databind\2.13.4.2\jackson-databind-2.13.4.2.jar;C:\Users\svdodda\.m2\repository\com\fasterxml\jackson\core\jackson-annotations\2.13.4\jackson-annotations-2.13.4.jar;C:\Users\svdodda\.m2\repository\com\fasterxml\jackson\core\jackson-core\2.13.4\jackson-core-2.13.4.jar;C:\Users\svdodda\.m2\repository\io\helidon\media\helidon-media-jackson\3.1.2\helidon-media-jackson-3.1.2.jar;C:\Users\svdodda\.m2\repository\com\fasterxml\jackson\module\jackson-module-parameter-names\2.13.4\jackson-module-parameter-names-2.13.4.jar;C:\Users\svdodda\.m2\repository\com\fasterxml\jackson\datatype\jackson-datatype-jdk8\2.13.4\jackson-datatype-jdk8-2.13.4.jar;C:\Users\svdodda\.m2\repository\com\fasterxml\jackson\datatype\jackson-datatype-jsr310\2.13.4\jackson-datatype-jsr310-2.13.4.jar;C:\Users\svdodda\.m2\repository\org\junit\jupiter\junit-jupiter-api\5.7.0\junit-jupiter-api-5.7.0.jar;C:\Users\svdodda\.m2\repository\org\apiguardian\apiguardian-api\1.1.0\apiguardian-api-1.1.0.jar;C:\Users\svdodda\.m2\repository\org\opentest4j\opentest4j\1.2.0\opentest4j-1.2.0.jar;C:\Users\svdodda\.m2\repository\org\junit\platform\junit-platform-commons\1.7.0\junit-platform-commons-1.7.0.jar;C:\Users\svdodda\.m2\repository\org\hamcrest\hamcrest-all\1.3\hamcrest-all-1.3.jar;C:\Users\svdodda\.m2\repository\io\helidon\webclient\helidon-webclient\3.1.2\helidon-webclient-3.1.2.jar;C:\Users\svdodda\.m2\repository\io\helidon\common\helidon-common-context\3.1.2\helidon-common-context-3.1.2.jar;C:\Users\svdodda\.m2\repository\io\netty\netty-buffer\4.1.86.Final\netty-buffer-4.1.86.Final.jar;C:\Users\svdodda\.m2\repository\io\netty\netty-handler-proxy\4.1.86.Final\netty-handler-proxy-4.1.86.Final.jar;C:\Users\svdodda\.m2\repository\io\netty\netty-codec-socks\4.1.86.Final\netty-codec-socks-4.1.86.Final.jar;C:\Users\svdodda\.m2\repository\io\netty\netty-resolver-dns\4.1.86.Final\netty-resolver-dns-4.1.86.Final.jar;C:\Users\svdodda\.m2\repository\io\netty\netty-codec-dns\4.1.86.Final\netty-codec-dns-4.1.86.Final.jar;C:\Users\svdodda\.m2\repository\io\fabric8\kubernetes-client\5.12.4\kubernetes-client-5.12.4.jar;C:\Users\svdodda\.m2\repository\io\fabric8\kubernetes-model-core\5.12.4\kubernetes-model-core-5.12.4.jar;C:\Users\svdodda\.m2\repository\io\fabric8\kubernetes-model-common\5.12.4\kubernetes-model-common-5.12.4.jar;C:\Users\svdodda\.m2\repository\io\fabric8\kubernetes-model-rbac\5.12.4\kubernetes-model-rbac-5.12.4.jar;C:\Users\svdodda\.m2\repository\io\fabric8\kubernetes-model-admissionregistration\5.12.4\kubernetes-model-admissionregistration-5.12.4.jar;C:\Users\svdodda\.m2\repository\io\fabric8\kubernetes-model-apps\5.12.4\kubernetes-model-apps-5.12.4.jar;C:\Users\svdodda\.m2\repository\io\fabric8\kubernetes-model-autoscaling\5.12.4\kubernetes-model-autoscaling-5.12.4.jar;C:\Users\svdodda\.m2\repository\io\fabric8\kubernetes-model-apiextensions\5.12.4\kubernetes-model-apiextensions-5.12.4.jar;C:\Users\svdodda\.m2\repository\io\fabric8\kubernetes-model-batch\5.12.4\kubernetes-model-batch-5.12.4.jar;C:\Users\svdodda\.m2\repository\io\fabric8\kubernetes-model-certificates\5.12.4\kubernetes-model-certificates-5.12.4.jar;C:\Users\svdodda\.m2\repository\io\fabric8\kubernetes-model-coordination\5.12.4\kubernetes-model-coordination-5.12.4.jar;C:\Users\svdodda\.m2\repository\io\fabric8\kubernetes-model-discovery\5.12.4\kubernetes-model-discovery-5.12.4.jar;C:\Users\svdodda\.m2\repository\io\fabric8\kubernetes-model-events\5.12.4\kubernetes-model-events-5.12.4.jar;C:\Users\svdodda\.m2\repository\io\fabric8\kubernetes-model-extensions\5.12.4\kubernetes-model-extensions-5.12.4.jar;C:\Users\svdodda\.m2\repository\io\fabric8\kubernetes-model-flowcontrol\5.12.4\kubernetes-model-flowcontrol-5.12.4.jar;C:\Users\svdodda\.m2\repository\io\fabric8\kubernetes-model-networking\5.12.4\kubernetes-model-networking-5.12.4.jar;C:\Users\svdodda\.m2\repository\io\fabric8\kubernetes-model-metrics\5.12.4\kubernetes-model-metrics-5.12.4.jar;C:\Users\svdodda\.m2\repository\io\fabric8\kubernetes-model-policy\5.12.4\kubernetes-model-policy-5.12.4.jar;C:\Users\svdodda\.m2\repository\io\fabric8\kubernetes-model-scheduling\5.12.4\kubernetes-model-scheduling-5.12.4.jar;C:\Users\svdodda\.m2\repository\io\fabric8\kubernetes-model-storageclass\5.12.4\kubernetes-model-storageclass-5.12.4.jar;C:\Users\svdodda\.m2\repository\io\fabric8\kubernetes-model-node\5.12.4\kubernetes-model-node-5.12.4.jar;C:\Users\svdodda\.m2\repository\com\squareup\okhttp3\okhttp\3.14.9\okhttp-3.14.9.jar;C:\Users\svdodda\.m2\repository\com\squareup\okio\okio\1.17.5\okio-1.17.5.jar;C:\Users\svdodda\.m2\repository\com\squareup\okhttp3\logging-interceptor\3.12.12\logging-interceptor-3.12.12.jar;C:\Users\svdodda\.m2\repository\org\slf4j\slf4j-api\1.7.32\slf4j-api-1.7.32.jar;C:\Users\svdodda\.m2\repository\com\fasterxml\jackson\dataformat\jackson-dataformat-yaml\2.13.4\jackson-dataformat-yaml-2.13.4.jar;C:\Users\svdodda\.m2\repository\io\fabric8\zjsonpatch\0.3.0\zjsonpatch-0.3.0.jar;C:\Users\svdodda\.m2\repository\com\github\mifmif\generex\1.0.2\generex-1.0.2.jar;C:\Users\svdodda\.m2\repository\dk\brics\automaton\automaton\1.11-8\automaton-1.11-8.jar;C:\Users\svdodda\.m2\repository\com\google\flogger\flogger\0.4\flogger-0.4.jar;C:\Users\svdodda\.m2\repository\com\google\code\findbugs\jsr305\3.0.1\jsr305-3.0.1.jar;"/>
    <property name="java.vm.vendor" value="Oracle Corporation"/>
    <property name="sun.arch.data.model" value="64"/>
    <property name="user.variant" value=""/>
    <property name="java.vendor.url" value="https://java.oracle.com/"/>
    <property name="user.timezone" value="Asia/Calcutta"/>
    <property name="os.name" value="Windows 10"/>
    <property name="java.vm.specification.version" value="17"/>
    <property name="sun.java.launcher" value="SUN_STANDARD"/>
    <property name="user.country" value="US"/>
    <property name="sun.boot.library.path" value="C:\Softwares\graalvm-ee-java17-22.3.0\bin"/>
    <property name="sun.java.command" value="C:\Users\svdodda\AppData\Local\Temp\surefire8451938841723047992\surefirebooter16233686686187445097.jar C:\Users\svdodda\AppData\Local\Temp\surefire8451938841723047992 2023-03-30T16-11-44_002-jvmRun1 surefire11791265690017933969tmp surefire_03371910376044404177tmp"/>
    <property name="jdk.debug" value="release"/>
    <property name="surefire.test.class.path" value="D:\code\k8sedit\target\test-classes;D:\code\k8sedit\target\classes;C:\Users\svdodda\.m2\repository\io\helidon\webserver\helidon-webserver\3.1.2\helidon-webserver-3.1.2.jar;C:\Users\svdodda\.m2\repository\io\helidon\common\helidon-common-reactive\3.1.2\helidon-common-reactive-3.1.2.jar;C:\Users\svdodda\.m2\repository\io\helidon\common\helidon-common-mapper\3.1.2\helidon-common-mapper-3.1.2.jar;C:\Users\svdodda\.m2\repository\io\helidon\common\helidon-common\3.1.2\helidon-common-3.1.2.jar;C:\Users\svdodda\.m2\repository\io\helidon\common\helidon-common-configurable\3.1.2\helidon-common-configurable-3.1.2.jar;C:\Users\svdodda\.m2\repository\io\helidon\common\helidon-common-http\3.1.2\helidon-common-http-3.1.2.jar;C:\Users\svdodda\.m2\repository\io\helidon\media\helidon-media-common\3.1.2\helidon-media-common-3.1.2.jar;C:\Users\svdodda\.m2\repository\io\helidon\config\helidon-config\3.1.2\helidon-config-3.1.2.jar;C:\Users\svdodda\.m2\repository\io\helidon\common\helidon-common-media-type\3.1.2\helidon-common-media-type-3.1.2.jar;C:\Users\svdodda\.m2\repository\io\helidon\common\helidon-common-key-util\3.1.2\helidon-common-key-util-3.1.2.jar;C:\Users\svdodda\.m2\repository\io\helidon\logging\helidon-logging-common\3.1.2\helidon-logging-common-3.1.2.jar;C:\Users\svdodda\.m2\repository\io\helidon\tracing\helidon-tracing\3.1.2\helidon-tracing-3.1.2.jar;C:\Users\svdodda\.m2\repository\io\helidon\tracing\helidon-tracing-config\3.1.2\helidon-tracing-config-3.1.2.jar;C:\Users\svdodda\.m2\repository\io\netty\netty-codec-http\4.1.86.Final\netty-codec-http-4.1.86.Final.jar;C:\Users\svdodda\.m2\repository\io\netty\netty-common\4.1.86.Final\netty-common-4.1.86.Final.jar;C:\Users\svdodda\.m2\repository\io\netty\netty-transport\4.1.86.Final\netty-transport-4.1.86.Final.jar;C:\Users\svdodda\.m2\repository\io\netty\netty-codec\4.1.86.Final\netty-codec-4.1.86.Final.jar;C:\Users\svdodda\.m2\repository\io\netty\netty-handler\4.1.86.Final\netty-handler-4.1.86.Final.jar;C:\Users\svdodda\.m2\repository\io\netty\netty-resolver\4.1.86.Final\netty-resolver-4.1.86.Final.jar;C:\Users\svdodda\.m2\repository\io\netty\netty-transport-native-unix-common\4.1.86.Final\netty-transport-native-unix-common-4.1.86.Final.jar;C:\Users\svdodda\.m2\repository\io\helidon\config\helidon-config-yaml\3.1.2\helidon-config-yaml-3.1.2.jar;C:\Users\svdodda\.m2\repository\org\yaml\snakeyaml\1.32\snakeyaml-1.32.jar;C:\Users\svdodda\.m2\repository\jakarta\annotation\jakarta.annotation-api\2.0.0\jakarta.annotation-api-2.0.0.jar;C:\Users\svdodda\.m2\repository\io\helidon\metrics\helidon-metrics\3.1.2\helidon-metrics-3.1.2.jar;C:\Users\svdodda\.m2\repository\io\helidon\common\helidon-common-service-loader\3.1.2\helidon-common-service-loader-3.1.2.jar;C:\Users\svdodda\.m2\repository\io\helidon\metrics\helidon-metrics-api\3.1.2\helidon-metrics-api-3.1.2.jar;C:\Users\svdodda\.m2\repository\io\helidon\metrics\helidon-metrics-service-api\3.1.2\helidon-metrics-service-api-3.1.2.jar;C:\Users\svdodda\.m2\repository\org\eclipse\microprofile\metrics\microprofile-metrics-api\4.0\microprofile-metrics-api-4.0.jar;C:\Users\svdodda\.m2\repository\io\helidon\webserver\helidon-webserver-cors\3.1.2\helidon-webserver-cors-3.1.2.jar;C:\Users\svdodda\.m2\repository\io\helidon\media\helidon-media-jsonp\3.1.2\helidon-media-jsonp-3.1.2.jar;C:\Users\svdodda\.m2\repository\jakarta\json\jakarta.json-api\2.0.1\jakarta.json-api-2.0.1.jar;C:\Users\svdodda\.m2\repository\org\eclipse\parsson\parsson\1.0.2\parsson-1.0.2.jar;C:\Users\svdodda\.m2\repository\io\helidon\service-common\helidon-service-common-rest\3.1.2\helidon-service-common-rest-3.1.2.jar;C:\Users\svdodda\.m2\repository\io\helidon\health\helidon-health\3.1.2\helidon-health-3.1.2.jar;C:\Users\svdodda\.m2\repository\io\helidon\fault-tolerance\helidon-fault-tolerance\3.1.2\helidon-fault-tolerance-3.1.2.jar;C:\Users\svdodda\.m2\repository\org\eclipse\microprofile\health\microprofile-health-api\4.0\microprofile-health-api-4.0.jar;C:\Users\svdodda\.m2\repository\io\helidon\health\helidon-health-checks\3.1.2\helidon-health-checks-3.1.2.jar;C:\Users\svdodda\.m2\repository\io\helidon\health\helidon-health-common\3.1.2\helidon-health-common-3.1.2.jar;C:\Users\svdodda\.m2\repository\com\fasterxml\jackson\core\jackson-databind\2.13.4.2\jackson-databind-2.13.4.2.jar;C:\Users\svdodda\.m2\repository\com\fasterxml\jackson\core\jackson-annotations\2.13.4\jackson-annotations-2.13.4.jar;C:\Users\svdodda\.m2\repository\com\fasterxml\jackson\core\jackson-core\2.13.4\jackson-core-2.13.4.jar;C:\Users\svdodda\.m2\repository\io\helidon\media\helidon-media-jackson\3.1.2\helidon-media-jackson-3.1.2.jar;C:\Users\svdodda\.m2\repository\com\fasterxml\jackson\module\jackson-module-parameter-names\2.13.4\jackson-module-parameter-names-2.13.4.jar;C:\Users\svdodda\.m2\repository\com\fasterxml\jackson\datatype\jackson-datatype-jdk8\2.13.4\jackson-datatype-jdk8-2.13.4.jar;C:\Users\svdodda\.m2\repository\com\fasterxml\jackson\datatype\jackson-datatype-jsr310\2.13.4\jackson-datatype-jsr310-2.13.4.jar;C:\Users\svdodda\.m2\repository\org\junit\jupiter\junit-jupiter-api\5.7.0\junit-jupiter-api-5.7.0.jar;C:\Users\svdodda\.m2\repository\org\apiguardian\apiguardian-api\1.1.0\apiguardian-api-1.1.0.jar;C:\Users\svdodda\.m2\repository\org\opentest4j\opentest4j\1.2.0\opentest4j-1.2.0.jar;C:\Users\svdodda\.m2\repository\org\junit\platform\junit-platform-commons\1.7.0\junit-platform-commons-1.7.0.jar;C:\Users\svdodda\.m2\repository\org\hamcrest\hamcrest-all\1.3\hamcrest-all-1.3.jar;C:\Users\svdodda\.m2\repository\io\helidon\webclient\helidon-webclient\3.1.2\helidon-webclient-3.1.2.jar;C:\Users\svdodda\.m2\repository\io\helidon\common\helidon-common-context\3.1.2\helidon-common-context-3.1.2.jar;C:\Users\svdodda\.m2\repository\io\netty\netty-buffer\4.1.86.Final\netty-buffer-4.1.86.Final.jar;C:\Users\svdodda\.m2\repository\io\netty\netty-handler-proxy\4.1.86.Final\netty-handler-proxy-4.1.86.Final.jar;C:\Users\svdodda\.m2\repository\io\netty\netty-codec-socks\4.1.86.Final\netty-codec-socks-4.1.86.Final.jar;C:\Users\svdodda\.m2\repository\io\netty\netty-resolver-dns\4.1.86.Final\netty-resolver-dns-4.1.86.Final.jar;C:\Users\svdodda\.m2\repository\io\netty\netty-codec-dns\4.1.86.Final\netty-codec-dns-4.1.86.Final.jar;C:\Users\svdodda\.m2\repository\io\fabric8\kubernetes-client\5.12.4\kubernetes-client-5.12.4.jar;C:\Users\svdodda\.m2\repository\io\fabric8\kubernetes-model-core\5.12.4\kubernetes-model-core-5.12.4.jar;C:\Users\svdodda\.m2\repository\io\fabric8\kubernetes-model-common\5.12.4\kubernetes-model-common-5.12.4.jar;C:\Users\svdodda\.m2\repository\io\fabric8\kubernetes-model-rbac\5.12.4\kubernetes-model-rbac-5.12.4.jar;C:\Users\svdodda\.m2\repository\io\fabric8\kubernetes-model-admissionregistration\5.12.4\kubernetes-model-admissionregistration-5.12.4.jar;C:\Users\svdodda\.m2\repository\io\fabric8\kubernetes-model-apps\5.12.4\kubernetes-model-apps-5.12.4.jar;C:\Users\svdodda\.m2\repository\io\fabric8\kubernetes-model-autoscaling\5.12.4\kubernetes-model-autoscaling-5.12.4.jar;C:\Users\svdodda\.m2\repository\io\fabric8\kubernetes-model-apiextensions\5.12.4\kubernetes-model-apiextensions-5.12.4.jar;C:\Users\svdodda\.m2\repository\io\fabric8\kubernetes-model-batch\5.12.4\kubernetes-model-batch-5.12.4.jar;C:\Users\svdodda\.m2\repository\io\fabric8\kubernetes-model-certificates\5.12.4\kubernetes-model-certificates-5.12.4.jar;C:\Users\svdodda\.m2\repository\io\fabric8\kubernetes-model-coordination\5.12.4\kubernetes-model-coordination-5.12.4.jar;C:\Users\svdodda\.m2\repository\io\fabric8\kubernetes-model-discovery\5.12.4\kubernetes-model-discovery-5.12.4.jar;C:\Users\svdodda\.m2\repository\io\fabric8\kubernetes-model-events\5.12.4\kubernetes-model-events-5.12.4.jar;C:\Users\svdodda\.m2\repository\io\fabric8\kubernetes-model-extensions\5.12.4\kubernetes-model-extensions-5.12.4.jar;C:\Users\svdodda\.m2\repository\io\fabric8\kubernetes-model-flowcontrol\5.12.4\kubernetes-model-flowcontrol-5.12.4.jar;C:\Users\svdodda\.m2\repository\io\fabric8\kubernetes-model-networking\5.12.4\kubernetes-model-networking-5.12.4.jar;C:\Users\svdodda\.m2\repository\io\fabric8\kubernetes-model-metrics\5.12.4\kubernetes-model-metrics-5.12.4.jar;C:\Users\svdodda\.m2\repository\io\fabric8\kubernetes-model-policy\5.12.4\kubernetes-model-policy-5.12.4.jar;C:\Users\svdodda\.m2\repository\io\fabric8\kubernetes-model-scheduling\5.12.4\kubernetes-model-scheduling-5.12.4.jar;C:\Users\svdodda\.m2\repository\io\fabric8\kubernetes-model-storageclass\5.12.4\kubernetes-model-storageclass-5.12.4.jar;C:\Users\svdodda\.m2\repository\io\fabric8\kubernetes-model-node\5.12.4\kubernetes-model-node-5.12.4.jar;C:\Users\svdodda\.m2\repository\com\squareup\okhttp3\okhttp\3.14.9\okhttp-3.14.9.jar;C:\Users\svdodda\.m2\repository\com\squareup\okio\okio\1.17.5\okio-1.17.5.jar;C:\Users\svdodda\.m2\repository\com\squareup\okhttp3\logging-interceptor\3.12.12\logging-interceptor-3.12.12.jar;C:\Users\svdodda\.m2\repository\org\slf4j\slf4j-api\1.7.32\slf4j-api-1.7.32.jar;C:\Users\svdodda\.m2\repository\com\fasterxml\jackson\dataformat\jackson-dataformat-yaml\2.13.4\jackson-dataformat-yaml-2.13.4.jar;C:\Users\svdodda\.m2\repository\io\fabric8\zjsonpatch\0.3.0\zjsonpatch-0.3.0.jar;C:\Users\svdodda\.m2\repository\com\github\mifmif\generex\1.0.2\generex-1.0.2.jar;C:\Users\svdodda\.m2\repository\dk\brics\automaton\automaton\1.11-8\automaton-1.11-8.jar;C:\Users\svdodda\.m2\repository\com\google\flogger\flogger\0.4\flogger-0.4.jar;C:\Users\svdodda\.m2\repository\com\google\code\findbugs\jsr305\3.0.1\jsr305-3.0.1.jar;"/>
    <property name="sun.cpu.endian" value="little"/>
    <property name="user.home" value="C:\Users\svdodda"/>
    <property name="user.language" value="en"/>
    <property name="java.specification.vendor" value="Oracle Corporation"/>
    <property name="io.netty.allocator.maxOrder" value="6"/>
    <property name="java.version.date" value="2022-10-18"/>
    <property name="java.home" value="C:\Softwares\graalvm-ee-java17-22.3.0"/>
    <property name="file.separator" value="\"/>
    <property name="basedir" value="D:\code\k8sedit"/>
    <property name="java.vm.compressedOopsMode" value="Zero based"/>
    <property name="jdk.internal.vm.ci.enabled" value="true"/>
    <property name="line.separator" value="&#10;"/>
    <property name="java.vm.specification.vendor" value="Oracle Corporation"/>
    <property name="java.specification.name" value="Java Platform API Specification"/>
    <property name="surefire.real.class.path" value="C:\Users\svdodda\AppData\Local\Temp\surefire8451938841723047992\surefirebooter16233686686187445097.jar"/>
    <property name="user.script" value=""/>
    <property name="java.util.logging.config.file" value="D:\code\k8sedit\target\classes/logging.properties"/>
    <property name="sun.management.compiler" value="HotSpot 64-Bit Tiered Compilers"/>
    <property name="java.runtime.version" value="17.0.5+9-LTS-jvmci-22.3-b07"/>
    <property name="user.name" value="svdodda"/>
    <property name="path.separator" value=";"/>
    <property name="os.version" value="10.0"/>
    <property name="java.runtime.name" value="Java(TM) SE Runtime Environment"/>
    <property name="file.encoding" value="Cp1252"/>
    <property name="java.vm.name" value="Java HotSpot(TM) 64-Bit Server VM"/>
    <property name="java.vendor.version" value="GraalVM EE 22.3.0"/>
    <property name="localRepository" value="C:\Users\svdodda\.m2\repository"/>
    <property name="java.vendor.url.bug" value="https://bugreport.java.com/bugreport/"/>
    <property name="java.io.tmpdir" value="C:\Users\svdodda\AppData\Local\Temp\"/>
    <property name="java.version" value="17.0.5"/>
    <property name="user.dir" value="D:\code\k8sedit"/>
    <property name="os.arch" value="amd64"/>
    <property name="java.vm.specification.name" value="Java Virtual Machine Specification"/>
    <property name="sun.os.patch.level" value=""/>
    <property name="native.encoding" value="Cp1252"/>
    <property name="java.library.path" value="C:\Softwares\graalvm-ee-java17-22.3.0\bin;C:\WINDOWS\Sun\Java\bin;C:\WINDOWS\system32;C:\WINDOWS;C:\Python311\Scripts\;C:\Python311\;C:\WINDOWS\system32;C:\WINDOWS;C:\WINDOWS\System32\Wbem;C:\WINDOWS\System32\WindowsPowerShell\v1.0\;C:\WINDOWS\System32\OpenSSH\;C:\Program Files\Git\cmd;C:\HashiCorp\Vagrant\bin;C:\Program Files\PuTTY\;C:\Program Files\nodejs\;C:\ProgramData\chocolatey\bin;C:\Users\svdodda\bin;C:\Users\svdodda\AppData\Local\Microsoft\WindowsApps;C:\Softwares\apache-maven-3.8.1\bin;C:\Program Files\JetBrains\IntelliJ IDEA 2021.1.3\bin;C:\kube;C:\Users\svdodda\AppData\Local\Microsoft\WindowsApps;C:\Users\svdodda\AppData\Local\Programs\Microsoft VS Code\bin;C:\Program Files\JetBrains\PyCharm 2021.2.2\bin;C:\Users\svdodda\AppData\Local\Programs\Python\Python38;C:\Users\svdodda\AppData\Local\Programs\Python\Python38\Scripts;C:\Softwares\allure-2.16.1\bin;C:\Users\svdodda\AppData\Roaming\npm;C:\Users\svdodda\bin;C:\Users\svdodda\AppData\Local\Microsoft\WindowsApps;C:\Softwares\graalvm-ee-java17-22.3.0\bin;C:\Softwares\apache-maven-3.8.1\bin;C:\Program Files\JetBrains\IntelliJ IDEA 2021.1.3\bin;C:\kube;C:\Users\svdodda\AppData\Local\Microsoft\WindowsApps;C:\Users\svdodda\AppData\Local\Programs\Microsoft VS Code\bin;C:\Program Files\JetBrains\PyCharm 2021.2.2\bin;;C:\Users\svdodda\AppData\Local\Programs\Python\Python38;C:\Users\svdodda\AppData\Local\Programs\Python\Python38\Scripts;C:\Softwares\allure-2.16.1\bin;C:\Users\svdodda\AppData\Roaming\npm;;C:\Users\svdodda\AppData\Local\Programs\Rancher Desktop\resources\resources\win32\bin;C:\Users\svdodda\AppData\Local\Programs\Rancher Desktop\resources\resources\linux\bin;."/>
    <property name="java.vm.info" value="mixed mode, sharing"/>
    <property name="java.vendor" value="Oracle Corporation"/>
    <property name="java.vm.version" value="17.0.5+9-LTS-jvmci-22.3-b07"/>
    <property name="sun.io.unicode.encoding" value="UnicodeLittle"/>
    <property name="java.class.version" value="61.0"/>
  </properties>
  <testcase name="testSimpleGreet" classname="com.oracle.k8sedit.MainTest" time="0.703">
    <system-out><![CDATA[2023.03.30 16:11:46 INFO io.helidon.common.LogConfig Thread[main,5,main]: Logging at initialization configured using D:\code\k8sedit\target\classes\logging.properties
2023.03.30 16:11:48 INFO io.helidon.common.HelidonFeatures Thread[features-thread,5,main]: Helidon SE 3.1.2 features: [Config, Fault Tolerance, Health, Metrics, Tracing, Web Client, WebServer]
2023.03.30 16:11:49 INFO io.helidon.webserver.NettyWebServer Thread[nioEventLoopGroup-2-1,10,main]: Channel '@default' started: [id: 0x96f01789, L:/[0:0:0:0:0:0:0:0]:8080]
WEB server is up! http://localhost:8080/greet
2023.03.30 16:11:49 INFO com.oracle.k8sedit.SimpleGreetService Thread[nioEventLoopGroup-3-1,10,main]: Greeting message is Hello World!
]]></system-out>
    <system-err><![CDATA[SLF4J: Failed to load class "org.slf4j.impl.StaticLoggerBinder".
SLF4J: Defaulting to no-operation (NOP) logger implementation
SLF4J: See http://www.slf4j.org/codes.html#StaticLoggerBinder for further details.
]]></system-err>
  </testcase>
  <testcase name="testGreetings" classname="com.oracle.k8sedit.MainTest" time="0.055"/>
  <testcase name="testMetrics" classname="com.oracle.k8sedit.MainTest" time="0.029"/>
  <testcase name="testHealth" classname="com.oracle.k8sedit.MainTest" time="0.125"/>
  <testcase name="testMicroprofileMetrics" classname="com.oracle.k8sedit.MainTest" time="0.034">
    <system-out><![CDATA[2023.03.30 16:11:50 INFO com.oracle.k8sedit.SimpleGreetService Thread[nioEventLoopGroup-3-1,10,main]: Greeting message is Hello World!
]]></system-out>
  </testcase>
</testsuite>